   NbCell:               341
   NbFace:              1406
   NbNode:               768
   NbFrac:                 0
   NbWellInj               0
   NbWellProd              0
   NbDirNode P:          168
   NbDirNode T:          168
   Ncpus :                 2
 
 Final time:    10957.500000000000     
 
Computation time warm up and reading mesh:            0.001
Computation time VAG init.        :           0.043
 
  *** Warning : visualization vtk of data of wells has not been implemented ***
Computation time of allocation:              0.019
 
     *Residu init conv:     1.50112E+03   2.04179E+09 
     *Residu init clos:     1.00000E+00
 
     *Newton iter:   1      Newton res norm:  0.1000000000E+01    Nb of Ksp iter:      4    Relaxation:   0.0406401
     *Newton iter:   2      Newton res norm:  0.9593023364E+00    Nb of Ksp iter:      4    Relaxation:   0.0425654
     *Newton iter:   3      Newton res norm:  0.9184113732E+00    Nb of Ksp iter:      4    Relaxation:   0.0446704
     *Newton iter:   4      Newton res norm:  0.8773273820E+00    Nb of Ksp iter:      4    Relaxation:   0.0469816
     *Newton iter:   5      Newton res norm:  0.8360506210E+00    Nb of Ksp iter:      4    Relaxation:   0.0495310
     *Newton iter:   6      Newton res norm:  0.7945813338E+00    Nb of Ksp iter:      4    Relaxation:   0.0523576
     *Newton iter:   7      Newton res norm:  0.7529197484E+00    Nb of Ksp iter:      4    Relaxation:   0.0555094
     *Newton iter:   8      Newton res norm:  0.7110660764E+00    Nb of Ksp iter:      4    Relaxation:   0.0590461
     *Newton iter:   9      Newton res norm:  0.6690205111E+00    Nb of Ksp iter:      4    Relaxation:   0.0630430
     *Newton iter:  10      Newton res norm:  0.6267832255E+00    Nb of Ksp iter:      4    Relaxation:   0.0675965
     *Newton iter:  11      Newton res norm:  0.5843543700E+00    Nb of Ksp iter:      4    Relaxation:   0.0728316
     *Newton iter:  12      Newton res norm:  0.5417340688E+00    Nb of Ksp iter:      4    Relaxation:   0.0789142
     *Newton iter:  13      Newton res norm:  0.4989224152E+00    Nb of Ksp iter:      4    Relaxation:   0.0860685
     *Newton iter:  14      Newton res norm:  0.4559194657E+00    Nb of Ksp iter:      4    Relaxation:   0.0946054
     *Newton iter:  15      Newton res norm:  0.4127252311E+00    Nb of Ksp iter:      4    Relaxation:   0.1049693
     *Newton iter:  16      Newton res norm:  0.3693396638E+00    Nb of Ksp iter:      4    Relaxation:   0.1178174
     *Newton iter:  17      Newton res norm:  0.3257626399E+00    Nb of Ksp iter:      4    Relaxation:   0.1341652
     *Newton iter:  18      Newton res norm:  0.2819939298E+00    Nb of Ksp iter:      4    Relaxation:   0.1556692
     *Newton iter:  19      Newton res norm:  0.2380331521E+00    Nb of Ksp iter:      4    Relaxation:   0.1852269
     *Newton iter:  20      Newton res norm:  0.1938796908E+00    Nb of Ksp iter:      4    Relaxation:   0.2284073
     *Newton iter:  21      Newton res norm:  0.1495325387E+00    Nb of Ksp iter:      4    Relaxation:   0.2974514
     *Newton iter:  22      Newton res norm:  0.1049899505E+00    Nb of Ksp iter:      4    Relaxation:   0.4255380
     *Newton iter:  23      Newton res norm:  0.6024850467E-01    Nb of Ksp iter:      4    Relaxation:   0.7449908
     *Newton iter:  24      Newton res norm:  0.1529936422E-01    Nb of Ksp iter:      4    Relaxation:   1.0000000
     *Newton iter:  25      Newton res norm:  0.1265914096E-04    Nb of Ksp iter:      4    Relaxation:   1.0000000
     *Newton iter:  26      Newton res norm:  0.1018667523E-10

     -Total nb of Newton iters:     26
     -Total nb of Ksp iters:        100
     -Total nb of Newton failures:  0
     -Total nb of Ksp failures:     0

     -Total Computation time:                        1.024
     -Computation time of this time step:            0.961
 
     *Residu init conv:     6.52506E+02   1.70149E+09 
     *Residu init clos:     1.00000E+00
 
     *Newton iter:   1      Newton res norm:  0.1000000000E+01    Nb of Ksp iter:      4    Relaxation:   0.1310527
     *Newton iter:   2      Newton res norm:  0.8684094220E+00    Nb of Ksp iter:      4    Relaxation:   0.1522088
     *Newton iter:   3      Newton res norm:  0.7356928019E+00    Nb of Ksp iter:      4    Relaxation:   0.1811982
     *Newton iter:   4      Newton res norm:  0.6018504248E+00    Nb of Ksp iter:      4    Relaxation:   0.2233660
     *Newton iter:   5      Newton res norm:  0.4668821818E+00    Nb of Ksp iter:      4    Relaxation:   0.2903525
     *Newton iter:   6      Newton res norm:  0.3307872742E+00    Nb of Ksp iter:      4    Relaxation:   0.4132268
     *Newton iter:   7      Newton res norm:  0.1935634187E+00    Nb of Ksp iter:      4    Relaxation:   0.7120503
     *Newton iter:   8      Newton res norm:  0.5520375567E-01    Nb of Ksp iter:      4    Relaxation:   1.0000000
     *Newton iter:   9      Newton res norm:  0.8379121938E-04    Nb of Ksp iter:      4    Relaxation:   1.0000000
     *Newton iter:  10      Newton res norm:  0.2551082354E-09

     -Total nb of Newton iters:     36
     -Total nb of Ksp iters:        136
     -Total nb of Newton failures:  0
     -Total nb of Ksp failures:     0

     -Total Computation time:                        1.511
     -Computation time of this time step:            0.487
 
     *Residu init conv:     4.06576E+02   1.41791E+09 
     *Residu init clos:     1.00000E+00
 
     *Newton iter:   1      Newton res norm:  0.1000000000E+01    Nb of Ksp iter:      4    Relaxation:   0.2073362
     *Newton iter:   2      Newton res norm:  0.7916821405E+00    Nb of Ksp iter:      4    Relaxation:   0.2646701
     *Newton iter:   3      Newton res norm:  0.5811666988E+00    Nb of Ksp iter:      4    Relaxation:   0.3643408
     *Newton iter:   4      Newton res norm:  0.3684439496E+00    Nb of Ksp iter:      4    Relaxation:   0.5807480
     *Newton iter:   5      Newton res norm:  0.1534917067E+00    Nb of Ksp iter:      4    Relaxation:   1.0000000
     *Newton iter:   6      Newton res norm:  0.4925854484E-03    Nb of Ksp iter:      4    Relaxation:   1.0000000
     *Newton iter:   7      Newton res norm:  0.6691223194E-08

     -Total nb of Newton iters:     43
     -Total nb of Ksp iters:        160
     -Total nb of Newton failures:  0
     -Total nb of Ksp failures:     0

     -Total Computation time:                        1.884
     -Computation time of this time step:            0.374
 
     *Residu init conv:     2.94895E+02   1.18159E+09 
     *Residu init clos:     1.00000E+00
 
     *Newton iter:   1      Newton res norm:  0.1000000000E+01    Nb of Ksp iter:      4    Relaxation:   0.2717134
     *Newton iter:   2      Newton res norm:  0.7268831300E+00    Nb of Ksp iter:      4    Relaxation:   0.3782373
     *Newton iter:   3      Newton res norm:  0.4505456233E+00    Nb of Ksp iter:      4    Relaxation:   0.6174689
     *Newton iter:   4      Newton res norm:  0.1709448160E+00    Nb of Ksp iter:      4    Relaxation:   1.0000000
     *Newton iter:   5      Newton res norm:  0.5167100433E-03    Nb of Ksp iter:      4    Relaxation:   1.0000000
     *Newton iter:   6      Newton res norm:  0.6073867046E-08

     -Total nb of Newton iters:     49
     -Total nb of Ksp iters:        180
     -Total nb of Newton failures:  0
     -Total nb of Ksp failures:     0

     -Total Computation time:                        2.137
     -Computation time of this time step:            0.253
 
     *Residu init conv:     2.29573E+02   9.84663E+08 
     *Residu init clos:     1.00000E+00
 
     *Newton iter:   1      Newton res norm:  0.1000000000E+01    Nb of Ksp iter:      4    Relaxation:   0.3258864
     *Newton iter:   2      Newton res norm:  0.6723305370E+00    Nb of Ksp iter:      4    Relaxation:   0.4908639
     *Newton iter:   3      Newton res norm:  0.3405241809E+00    Nb of Ksp iter:      4    Relaxation:   0.9816479
     *Newton iter:   4      Newton res norm:  0.4465084803E-02    Nb of Ksp iter:      4    Relaxation:   1.0000000
     *Newton iter:   5      Newton res norm:  0.2909067809E-06

     -Total nb of Newton iters:     54
     -Total nb of Ksp iters:        196
     -Total nb of Newton failures:  0
     -Total nb of Ksp failures:     0

     -Total Computation time:                        2.355
     -Computation time of this time step:            0.217
 
     *Residu init conv:     1.84437E+02   8.20557E+08 
     *Residu init clos:     1.00000E+00
 
     *Newton iter:   1      Newton res norm:  0.1000000000E+01    Nb of Ksp iter:      4    Relaxation:   0.3713913
     *Newton iter:   2      Newton res norm:  0.6264935613E+00    Nb of Ksp iter:      4    Relaxation:   0.6006815
     *Newton iter:   3      Newton res norm:  0.2480540505E+00    Nb of Ksp iter:      4    Relaxation:   1.0000000
     *Newton iter:   4      Newton res norm:  0.9162445734E-03    Nb of Ksp iter:      4    Relaxation:   1.0000000
     *Newton iter:   5      Newton res norm:  0.1432109226E-07

     -Total nb of Newton iters:     59
     -Total nb of Ksp iters:        212
     -Total nb of Newton failures:  0
     -Total nb of Ksp failures:     0

     -Total Computation time:                        2.539
     -Computation time of this time step:            0.184
 
     *Residu init conv:     1.50003E+02   6.83803E+08 
     *Residu init clos:     1.00000E+00
 
     *Newton iter:   1      Newton res norm:  0.1000000000E+01    Nb of Ksp iter:      4    Relaxation:   0.4095671
     *Newton iter:   2      Newton res norm:  0.5880397538E+00    Nb of Ksp iter:      4    Relaxation:   0.7060419
     *Newton iter:   3      Newton res norm:  0.1704638817E+00    Nb of Ksp iter:      4    Relaxation:   1.0000000
     *Newton iter:   4      Newton res norm:  0.4061710974E-03    Nb of Ksp iter:      4    Relaxation:   1.0000000
     *Newton iter:   5      Newton res norm:  0.2530647420E-08

     -Total nb of Newton iters:     64
     -Total nb of Ksp iters:        228
     -Total nb of Newton failures:  0
     -Total nb of Ksp failures:     0

     -Total Computation time:                        2.695
     -Computation time of this time step:            0.156
 
     *Residu init conv:     1.22354E+02   5.69843E+08 
     *Residu init clos:     1.00000E+00
 
     *Newton iter:   1      Newton res norm:  0.1000000000E+01    Nb of Ksp iter:      4    Relaxation:   0.4416337
     *Newton iter:   2      Newton res norm:  0.5557566231E+00    Nb of Ksp iter:      4    Relaxation:   0.8058090
     *Newton iter:   3      Newton res norm:  0.1053104070E+00    Nb of Ksp iter:      4    Relaxation:   1.0000000
     *Newton iter:   4      Newton res norm:  0.1464202189E-03    Nb of Ksp iter:      4    Relaxation:   1.0000000
     *Newton iter:   5      Newton res norm:  0.3022557341E-09

     -Total nb of Newton iters:     69
     -Total nb of Ksp iters:        244
     -Total nb of Newton failures:  0
     -Total nb of Ksp failures:     0

     -Total Computation time:                        2.854
     -Computation time of this time step:            0.159
 
     *Residu init conv:     9.96360E+01   4.74878E+08 
     *Residu init clos:     1.00000E+00
 
     *Newton iter:   1      Newton res norm:  0.1000000000E+01    Nb of Ksp iter:      4    Relaxation:   0.4687427
     *Newton iter:   2      Newton res norm:  0.5284983515E+00    Nb of Ksp iter:      4    Relaxation:   0.8998293
     *Newton iter:   3      Newton res norm:  0.5017584409E-01    Nb of Ksp iter:      4    Relaxation:   1.0000000
     *Newton iter:   4      Newton res norm:  0.3138179167E-04    Nb of Ksp iter:      4    Relaxation:   1.0000000
     *Newton iter:   5      Newton res norm:  0.1744455593E-10

     -Total nb of Newton iters:     74
     -Total nb of Ksp iters:        260
     -Total nb of Newton failures:  0
     -Total nb of Ksp failures:     0

     -Total Computation time:                        3.060
     -Computation time of this time step:            0.206
 
     *Residu init conv:     8.08075E+01   3.95741E+08 
     *Residu init clos:     1.00000E+00
 
     *Newton iter:   1      Newton res norm:  0.1000000000E+01    Nb of Ksp iter:      4    Relaxation:   0.4921880
     *Newton iter:   2      Newton res norm:  0.5049714946E+00    Nb of Ksp iter:      4    Relaxation:   0.9891939
     *Newton iter:   3      Newton res norm:  0.2608723264E-02    Nb of Ksp iter:      4    Relaxation:   1.0000000
     *Newton iter:   4      Newton res norm:  0.7831472608E-07

     -Total nb of Newton iters:     78
     -Total nb of Ksp iters:        272
     -Total nb of Newton failures:  0
     -Total nb of Ksp failures:     0

     -Total Computation time:                        3.224
     -Computation time of this time step:            0.164
 
     *Residu init conv:     6.51551E+01   3.29794E+08 
     *Residu init clos:     1.00000E+00
 
     *Newton iter:   1      Newton res norm:  0.1000000000E+01    Nb of Ksp iter:      4    Relaxation:   0.5149967
     *Newton iter:   2      Newton res norm:  0.4821283425E+00    Nb of Ksp iter:      4    Relaxation:   1.0000000
     *Newton iter:   3      Newton res norm:  0.2656217180E-02    Nb of Ksp iter:      4    Relaxation:   1.0000000
     *Newton iter:   4      Newton res norm:  0.8098815534E-07

     -Total nb of Newton iters:     82
     -Total nb of Ksp iters:        284
     -Total nb of Newton failures:  0
     -Total nb of Ksp failures:     0

     -Total Computation time:                        3.378
     -Computation time of this time step:            0.154
 
     *Residu init conv:     5.21188E+01   2.74838E+08 
     *Residu init clos:     1.00000E+00
 
     *Newton iter:   1      Newton res norm:  0.1000000000E+01    Nb of Ksp iter:      4    Relaxation:   0.5411862
     *Newton iter:   2      Newton res norm:  0.4559240646E+00    Nb of Ksp iter:      4    Relaxation:   1.0000000
     *Newton iter:   3      Newton res norm:  0.2215479631E-02    Nb of Ksp iter:      4    Relaxation:   1.0000000
     *Newton iter:   4      Newton res norm:  0.5014736293E-07

     -Total nb of Newton iters:     86
     -Total nb of Ksp iters:        296
     -Total nb of Newton failures:  0
     -Total nb of Ksp failures:     0

     -Total Computation time:                        3.556
     -Computation time of this time step:            0.178
 
     *Residu init conv:     4.12364E+01   2.29039E+08 
     *Residu init clos:     1.00000E+00
 
     *Newton iter:   1      Newton res norm:  0.1000000000E+01    Nb of Ksp iter:      5    Relaxation:   0.5765999
     *Newton iter:   2      Newton res norm:  0.4204782766E+00    Nb of Ksp iter:      5    Relaxation:   1.0000000
     *Newton iter:   3      Newton res norm:  0.1737013125E-02    Nb of Ksp iter:      5    Relaxation:   1.0000000
     *Newton iter:   4      Newton res norm:  0.2653114194E-07

     -Total nb of Newton iters:     90
     -Total nb of Ksp iters:        311
     -Total nb of Newton failures:  0
     -Total nb of Ksp failures:     0

     -Total Computation time:                        3.803
     -Computation time of this time step:            0.247
 
     *Residu init conv:     3.37152E+01   1.90873E+08 
     *Residu init clos:     1.00000E+00
 
     *Newton iter:   1      Newton res norm:  0.9531182187E+00    Nb of Ksp iter:      5    Relaxation:   0.6288065
     *Newton iter:   2      Newton res norm:  0.3509230797E+00    Nb of Ksp iter:      5    Relaxation:   1.0000000
     *Newton iter:   3      Newton res norm:  0.1155449293E-02    Nb of Ksp iter:      5    Relaxation:   1.0000000
     *Newton iter:   4      Newton res norm:  0.9924295581E-08

     -Total nb of Newton iters:     94
     -Total nb of Ksp iters:        326
     -Total nb of Newton failures:  0
     -Total nb of Ksp failures:     0

     -Total Computation time:                        4.146
     -Computation time of this time step:            0.343
 
     *Residu init conv:     2.82762E+01   1.59067E+08 
     *Residu init clos:     1.00000E+00
 
     *Newton iter:   1      Newton res norm:  0.8675413244E+00    Nb of Ksp iter:      5    Relaxation:   0.7078786
     *Newton iter:   2      Newton res norm:  0.2506620758E+00    Nb of Ksp iter:      5    Relaxation:   1.0000000
     *Newton iter:   3      Newton res norm:  0.5834560539E-03    Nb of Ksp iter:      5    Relaxation:   1.0000000
     *Newton iter:   4      Newton res norm:  0.2055408859E-08

     -Total nb of Newton iters:     98
     -Total nb of Ksp iters:        341
     -Total nb of Newton failures:  0
     -Total nb of Ksp failures:     0

     -Total Computation time:                        4.400
     -Computation time of this time step:            0.253
 
     *Residu init conv:     2.37406E+01   1.32560E+08 
     *Residu init clos:     1.00000E+00
 
     *Newton iter:   1      Newton res norm:  0.7677700126E+00    Nb of Ksp iter:      5    Relaxation:   0.8285056
     *Newton iter:   2      Newton res norm:  0.1289860494E+00    Nb of Ksp iter:      5    Relaxation:   1.0000000
     *Newton iter:   3      Newton res norm:  0.1573559518E-03    Nb of Ksp iter:      5    Relaxation:   1.0000000
     *Newton iter:   4      Newton res norm:  0.1080498755E-09

     -Total nb of Newton iters:     102
     -Total nb of Ksp iters:        356
     -Total nb of Newton failures:  0
     -Total nb of Ksp failures:     0

     -Total Computation time:                        4.713
     -Computation time of this time step:            0.313
 
     *Residu init conv:     1.99582E+01   1.10470E+08 
     *Residu init clos:     1.00000E+00
 
     *Newton iter:   1      Newton res norm:  0.6559649652E+00    Nb of Ksp iter:      5    Relaxation:   1.0000000
     *Newton iter:   2      Newton res norm:  0.4300295322E-02    Nb of Ksp iter:      5    Relaxation:   1.0000000
     *Newton iter:   3      Newton res norm:  0.5786057396E-07

     -Total nb of Newton iters:     105
     -Total nb of Ksp iters:        366
     -Total nb of Newton failures:  0
     -Total nb of Ksp failures:     0

     -Total Computation time:                        4.903
     -Computation time of this time step:            0.191
 
     *Residu init conv:     1.68039E+01   9.20606E+07 
     *Residu init clos:     1.00000E+00
 
     *Newton iter:   1      Newton res norm:  0.5371938882E+00    Nb of Ksp iter:      5    Relaxation:   1.0000000
     *Newton iter:   2      Newton res norm:  0.3222832387E-02    Nb of Ksp iter:      5    Relaxation:   1.0000000
     *Newton iter:   3      Newton res norm:  0.2031162246E-07

     -Total nb of Newton iters:     108
     -Total nb of Ksp iters:        376
     -Total nb of Newton failures:  0
     -Total nb of Ksp failures:     0

     -Total Computation time:                        5.089
     -Computation time of this time step:            0.186
 
     *Residu init conv:     1.41735E+01   7.67186E+07 
     *Residu init clos:     1.00000E+00
 
     *Newton iter:   1      Newton res norm:  0.4189759297E+00    Nb of Ksp iter:      5    Relaxation:   1.0000000
     *Newton iter:   2      Newton res norm:  0.2357069973E-02    Nb of Ksp iter:      5    Relaxation:   1.0000000
     *Newton iter:   3      Newton res norm:  0.8404769301E-08

     -Total nb of Newton iters:     111
     -Total nb of Ksp iters:        386
     -Total nb of Newton failures:  0
     -Total nb of Ksp failures:     0

     -Total Computation time:                        5.261
     -Computation time of this time step:            0.171
 
     *Residu init conv:     1.19801E+01   6.39331E+07 
     *Residu init clos:     1.00000E+00
 
     *Newton iter:   1      Newton res norm:  0.3098677203E+00    Nb of Ksp iter:      5    Relaxation:   1.0000000
     *Newton iter:   2      Newton res norm:  0.1625790207E-02    Nb of Ksp iter:      5    Relaxation:   1.0000000
     *Newton iter:   3      Newton res norm:  0.4981415116E-08

     -Total nb of Newton iters:     114
     -Total nb of Ksp iters:        396
     -Total nb of Newton failures:  0
     -Total nb of Ksp failures:     0

     -Total Computation time:                        5.496
     -Computation time of this time step:            0.235
 
     *Residu init conv:     1.01513E+01   5.32781E+07 
     *Residu init clos:     1.00000E+00
 
     *Newton iter:   1      Newton res norm:  0.2174558612E+00    Nb of Ksp iter:      5    Relaxation:   1.0000000
     *Newton iter:   2      Newton res norm:  0.9239650049E-03    Nb of Ksp iter:      5    Relaxation:   1.0000000
     *Newton iter:   3      Newton res norm:  0.2742270960E-08

     -Total nb of Newton iters:     117
     -Total nb of Ksp iters:        406
     -Total nb of Newton failures:  0
     -Total nb of Ksp failures:     0

     -Total Computation time:                        5.687
     -Computation time of this time step:            0.191
 
     *Residu init conv:     8.62672E+00   4.43987E+07 
     *Residu init clos:     1.00000E+00
 
     *Newton iter:   1      Newton res norm:  0.1825489161E+00    Nb of Ksp iter:      5    Relaxation:   1.0000000
     *Newton iter:   2      Newton res norm:  0.1827897230E-03    Nb of Ksp iter:      5    Relaxation:   1.0000000
     *Newton iter:   3      Newton res norm:  0.8112009154E-09

     -Total nb of Newton iters:     120
     -Total nb of Ksp iters:        416
     -Total nb of Newton failures:  0
     -Total nb of Ksp failures:     0

     -Total Computation time:                        5.918
     -Computation time of this time step:            0.231
 
     *Residu init conv:     7.35591E+00   3.69991E+07 
     *Residu init clos:     1.00000E+00
 
     *Newton iter:   1      Newton res norm:  0.2108890236E+00    Nb of Ksp iter:      5    Relaxation:   1.0000000
     *Newton iter:   2      Newton res norm:  0.9125734987E-03    Nb of Ksp iter:      5    Relaxation:   1.0000000
     *Newton iter:   3      Newton res norm:  0.4630635499E-09

     -Total nb of Newton iters:     123
     -Total nb of Ksp iters:        426
     -Total nb of Newton failures:  0
     -Total nb of Ksp failures:     0

     -Total Computation time:                        6.077
     -Computation time of this time step:            0.159
 
     *Residu init conv:     6.29672E+00   3.08326E+07 
     *Residu init clos:     1.00000E+00
 
     *Newton iter:   1      Newton res norm:  0.2478779753E+00    Nb of Ksp iter:      5    Relaxation:   1.0000000
     *Newton iter:   2      Newton res norm:  0.1971207516E-02    Nb of Ksp iter:      6    Relaxation:   1.0000000
     *Newton iter:   3      Newton res norm:  0.3349361452E-08

     -Total nb of Newton iters:     126
     -Total nb of Ksp iters:        437
     -Total nb of Newton failures:  0
     -Total nb of Ksp failures:     0

     -Total Computation time:                        6.266
     -Computation time of this time step:            0.189
 
     *Residu init conv:     5.41398E+00   2.56939E+07 
     *Residu init clos:     1.00000E+00
 
     *Newton iter:   1      Newton res norm:  0.2943360337E+00    Nb of Ksp iter:      5    Relaxation:   1.0000000
     *Newton iter:   2      Newton res norm:  0.3429188255E-02    Nb of Ksp iter:      5    Relaxation:   1.0000000
     *Newton iter:   3      Newton res norm:  0.1139987903E-07

     -Total nb of Newton iters:     129
     -Total nb of Ksp iters:        447
     -Total nb of Newton failures:  0
     -Total nb of Ksp failures:     0

     -Total Computation time:                        6.431
     -Computation time of this time step:            0.165
 
     *Residu init conv:     4.67832E+00   2.14115E+07 
     *Residu init clos:     1.00000E+00
 
     *Newton iter:   1      Newton res norm:  0.3515099761E+00    Nb of Ksp iter:      5    Relaxation:   1.0000000
     *Newton iter:   2      Newton res norm:  0.5372910107E-02    Nb of Ksp iter:      5    Relaxation:   1.0000000
     *Newton iter:   3      Newton res norm:  0.2675205254E-07

     -Total nb of Newton iters:     132
     -Total nb of Ksp iters:        457
     -Total nb of Newton failures:  0
     -Total nb of Ksp failures:     0

     -Total Computation time:                        6.670
     -Computation time of this time step:            0.240
 
     *Residu init conv:     4.06527E+00   1.78430E+07 
     *Residu init clos:     1.00000E+00
 
     *Newton iter:   1      Newton res norm:  0.4211472603E+00    Nb of Ksp iter:      5    Relaxation:   1.0000000
     *Newton iter:   2      Newton res norm:  0.7923619378E-02    Nb of Ksp iter:      5    Relaxation:   1.0000000
     *Newton iter:   3      Newton res norm:  0.5293564962E-07

     -Total nb of Newton iters:     135
     -Total nb of Ksp iters:        467
     -Total nb of Newton failures:  0
     -Total nb of Ksp failures:     0

     -Total Computation time:                        6.935
     -Computation time of this time step:            0.265
 
     *Residu init conv:     3.55438E+00   1.48691E+07 
     *Residu init clos:     1.00000E+00
 
     *Newton iter:   1      Newton res norm:  0.5044404841E+00    Nb of Ksp iter:      5    Relaxation:   1.0000000
     *Newton iter:   2      Newton res norm:  0.1119530312E-01    Nb of Ksp iter:      5    Relaxation:   1.0000000
     *Newton iter:   3      Newton res norm:  0.9404957857E-07

     -Total nb of Newton iters:     138
     -Total nb of Ksp iters:        477
     -Total nb of Newton failures:  0
     -Total nb of Ksp failures:     0

     -Total Computation time:                        7.097
     -Computation time of this time step:            0.162
 
     *Residu init conv:     3.12864E+00   1.23909E+07 
     *Residu init clos:     1.00000E+00
 
     *Newton iter:   1      Newton res norm:  0.6039056230E+00    Nb of Ksp iter:      5    Relaxation:   1.0000000
     *Newton iter:   2      Newton res norm:  0.1518610870E-01    Nb of Ksp iter:      5    Relaxation:   1.0000000
     *Newton iter:   3      Newton res norm:  0.1525313692E-06

     -Total nb of Newton iters:     141
     -Total nb of Ksp iters:        487
     -Total nb of Newton failures:  0
     -Total nb of Ksp failures:     0

     -Total Computation time:                        7.242
     -Computation time of this time step:            0.145
 
     *Residu init conv:     2.77386E+00   1.03258E+07 
     *Residu init clos:     1.00000E+00
 
     *Newton iter:   1      Newton res norm:  0.7226848206E+00    Nb of Ksp iter:      5    Relaxation:   1.0000000
     *Newton iter:   2      Newton res norm:  0.1970397783E-01    Nb of Ksp iter:      5    Relaxation:   1.0000000
     *Newton iter:   3      Newton res norm:  0.2229523114E-06

     -Total nb of Newton iters:     144
     -Total nb of Ksp iters:        497
     -Total nb of Newton failures:  0
     -Total nb of Ksp failures:     0

     -Total Computation time:                        7.374
     -Computation time of this time step:            0.133
 
     *Residu init conv:     2.47820E+00   8.60481E+06 
     *Residu init clos:     1.00000E+00
 
     *Newton iter:   1      Newton res norm:  0.8644755409E+00    Nb of Ksp iter:      6    Relaxation:   1.0000000
     *Newton iter:   2      Newton res norm:  0.2426439566E-01    Nb of Ksp iter:      5    Relaxation:   1.0000000
     *Newton iter:   3      Newton res norm:  0.2887683401E-06

     -Total nb of Newton iters:     147
     -Total nb of Ksp iters:        508
     -Total nb of Newton failures:  0
     -Total nb of Ksp failures:     0

     -Total Computation time:                        7.499
     -Computation time of this time step:            0.124
 
     *Residu init conv:     2.23183E+00   7.41195E+06 
     *Residu init clos:     1.00000E+00
 
     *Newton iter:   1      Newton res norm:  0.1000000000E+01    Nb of Ksp iter:      6    Relaxation:   1.0000000
     *Newton iter:   2      Newton res norm:  0.3080391253E-01    Nb of Ksp iter:      6    Relaxation:   1.0000000
     *Newton iter:   3      Newton res norm:  0.4143690056E-06

     -Total nb of Newton iters:     150
     -Total nb of Ksp iters:        520
     -Total nb of Newton failures:  0
     -Total nb of Ksp failures:     0

     -Total Computation time:                        7.637
     -Computation time of this time step:            0.138
 
     *Residu init conv:     2.02651E+00   7.38206E+06 
     *Residu init clos:     1.00000E+00
 
     *Newton iter:   1      Newton res norm:  0.1000000000E+01    Nb of Ksp iter:      6    Relaxation:   1.0000000
     *Newton iter:   2      Newton res norm:  0.4417121392E-01    Nb of Ksp iter:      6    Relaxation:   1.0000000
     *Newton iter:   3      Newton res norm:  0.7637195250E-06

     -Total nb of Newton iters:     153
     -Total nb of Ksp iters:        532
     -Total nb of Newton failures:  0
     -Total nb of Ksp failures:     0

     -Total Computation time:                        7.758
     -Computation time of this time step:            0.122
 
     *Residu init conv:     1.96065E+00   7.34882E+06 
     *Residu init clos:     1.00000E+00
 
     *Newton iter:   1      Newton res norm:  0.1000000000E+01    Nb of Ksp iter:      6    Relaxation:   1.0000000
     *Newton iter:   2      Newton res norm:  0.4508900670E-01    Nb of Ksp iter:      6    Relaxation:   1.0000000
     *Newton iter:   3      Newton res norm:  0.7447932729E-06

     -Total nb of Newton iters:     156
     -Total nb of Ksp iters:        544
     -Total nb of Newton failures:  0
     -Total nb of Ksp failures:     0

     -Total Computation time:                        7.855
     -Computation time of this time step:            0.097
 
     *Residu init conv:     1.96064E+00   7.31591E+06 
     *Residu init clos:     1.00000E+00
 
     *Newton iter:   1      Newton res norm:  0.1000000000E+01    Nb of Ksp iter:      6    Relaxation:   1.0000000
     *Newton iter:   2      Newton res norm:  0.3770455766E-01    Nb of Ksp iter:      6    Relaxation:   1.0000000
     *Newton iter:   3      Newton res norm:  0.5233414097E-06

     -Total nb of Newton iters:     159
     -Total nb of Ksp iters:        556
     -Total nb of Newton failures:  0
     -Total nb of Ksp failures:     0

     -Total Computation time:                        7.950
     -Computation time of this time step:            0.095
 
     *Residu init conv:     1.96063E+00   7.28512E+06 
     *Residu init clos:     1.00000E+00
 
     *Newton iter:   1      Newton res norm:  0.1000000000E+01    Nb of Ksp iter:      6    Relaxation:   1.0000000
     *Newton iter:   2      Newton res norm:  0.3506713951E-01    Nb of Ksp iter:      6    Relaxation:   1.0000000
     *Newton iter:   3      Newton res norm:  0.4504202788E-06

     -Total nb of Newton iters:     162
     -Total nb of Ksp iters:        568
     -Total nb of Newton failures:  0
     -Total nb of Ksp failures:     0

     -Total Computation time:                        8.057
     -Computation time of this time step:            0.106
 
     *Residu init conv:     1.96061E+00   7.25608E+06 
     *Residu init clos:     1.00000E+00
 
     *Newton iter:   1      Newton res norm:  0.1000000000E+01    Nb of Ksp iter:      6    Relaxation:   1.0000000
     *Newton iter:   2      Newton res norm:  0.3159620656E-01    Nb of Ksp iter:      6    Relaxation:   1.0000000
     *Newton iter:   3      Newton res norm:  0.3546708937E-06

     -Total nb of Newton iters:     165
     -Total nb of Ksp iters:        580
     -Total nb of Newton failures:  0
     -Total nb of Ksp failures:     0

     -Total Computation time:                        8.162
     -Computation time of this time step:            0.105
 
     *Residu init conv:     1.96060E+00   7.22852E+06 
     *Residu init clos:     1.00000E+00
 
     *Newton iter:   1      Newton res norm:  0.1000000000E+01    Nb of Ksp iter:      6    Relaxation:   1.0000000
     *Newton iter:   2      Newton res norm:  0.2750778601E-01    Nb of Ksp iter:      6    Relaxation:   1.0000000
     *Newton iter:   3      Newton res norm:  0.2549389623E-06

     -Total nb of Newton iters:     168
     -Total nb of Ksp iters:        592
     -Total nb of Newton failures:  0
     -Total nb of Ksp failures:     0

     -Total Computation time:                        8.263
     -Computation time of this time step:            0.101
 
     *Residu init conv:     1.96058E+00   7.20221E+06 
     *Residu init clos:     1.00000E+00
 
     *Newton iter:   1      Newton res norm:  0.1000000000E+01    Nb of Ksp iter:      6    Relaxation:   1.0000000
     *Newton iter:   2      Newton res norm:  0.2321952303E-01    Nb of Ksp iter:      6    Relaxation:   1.0000000
     *Newton iter:   3      Newton res norm:  0.2039477217E-06

     -Total nb of Newton iters:     171
     -Total nb of Ksp iters:        604
     -Total nb of Newton failures:  0
     -Total nb of Ksp failures:     0

     -Total Computation time:                        8.378
     -Computation time of this time step:            0.114
 
     *Residu init conv:     1.96056E+00   7.17696E+06 
     *Residu init clos:     1.00000E+00
 
     *Newton iter:   1      Newton res norm:  0.1000000000E+01    Nb of Ksp iter:      6    Relaxation:   1.0000000
     *Newton iter:   2      Newton res norm:  0.2212529341E-01    Nb of Ksp iter:      6    Relaxation:   1.0000000
     *Newton iter:   3      Newton res norm:  0.1809122332E-06

     -Total nb of Newton iters:     174
     -Total nb of Ksp iters:        616
     -Total nb of Newton failures:  0
     -Total nb of Ksp failures:     0

     -Total Computation time:                        8.504
     -Computation time of this time step:            0.126
 
     *Residu init conv:     1.96055E+00   7.15263E+06 
     *Residu init clos:     1.00000E+00
 
     *Newton iter:   1      Newton res norm:  0.1000000000E+01    Nb of Ksp iter:      6    Relaxation:   1.0000000
     *Newton iter:   2      Newton res norm:  0.2051914865E-01    Nb of Ksp iter:      6    Relaxation:   1.0000000
     *Newton iter:   3      Newton res norm:  0.1523467283E-06

     -Total nb of Newton iters:     177
     -Total nb of Ksp iters:        628
     -Total nb of Newton failures:  0
     -Total nb of Ksp failures:     0

     -Total Computation time:                        8.632
     -Computation time of this time step:            0.128
 
     *Residu init conv:     1.96053E+00   7.12908E+06 
     *Residu init clos:     1.00000E+00
 
     *Newton iter:   1      Newton res norm:  0.1000000000E+01    Nb of Ksp iter:      6    Relaxation:   1.0000000
     *Newton iter:   2      Newton res norm:  0.1866135901E-01    Nb of Ksp iter:      5    Relaxation:   1.0000000
     *Newton iter:   3      Newton res norm:  0.1397783728E-06

     -Total nb of Newton iters:     180
     -Total nb of Ksp iters:        639
     -Total nb of Newton failures:  0
     -Total nb of Ksp failures:     0

     -Total Computation time:                        8.744
     -Computation time of this time step:            0.112
 
     *Residu init conv:     1.96052E+00   7.10620E+06 
     *Residu init clos:     1.00000E+00
 
     *Newton iter:   1      Newton res norm:  0.1000000000E+01    Nb of Ksp iter:      6    Relaxation:   1.0000000
     *Newton iter:   2      Newton res norm:  0.1787164349E-01    Nb of Ksp iter:      5    Relaxation:   1.0000000
     *Newton iter:   3      Newton res norm:  0.1235864299E-06

     -Total nb of Newton iters:     183
     -Total nb of Ksp iters:        650
     -Total nb of Newton failures:  0
     -Total nb of Ksp failures:     0

     -Total Computation time:                        8.849
     -Computation time of this time step:            0.105
 
     *Residu init conv:     1.96050E+00   7.08391E+06 
     *Residu init clos:     1.00000E+00
 
     *Newton iter:   1      Newton res norm:  0.1000000000E+01    Nb of Ksp iter:      6    Relaxation:   1.0000000
     *Newton iter:   2      Newton res norm:  0.1667517017E-01    Nb of Ksp iter:      5    Relaxation:   1.0000000
     *Newton iter:   3      Newton res norm:  0.1032845111E-06

     -Total nb of Newton iters:     186
     -Total nb of Ksp iters:        661
     -Total nb of Newton failures:  0
     -Total nb of Ksp failures:     0

     -Total Computation time:                        8.966
     -Computation time of this time step:            0.117
 
     *Residu init conv:     1.96049E+00   7.06213E+06 
     *Residu init clos:     1.00000E+00
 
     *Newton iter:   1      Newton res norm:  0.1000000000E+01    Nb of Ksp iter:      6    Relaxation:   1.0000000
     *Newton iter:   2      Newton res norm:  0.1519600921E-01    Nb of Ksp iter:      5    Relaxation:   1.0000000
     *Newton iter:   3      Newton res norm:  0.8340061681E-07

     -Total nb of Newton iters:     189
     -Total nb of Ksp iters:        672
     -Total nb of Newton failures:  0
     -Total nb of Ksp failures:     0

     -Total Computation time:                        9.062
     -Computation time of this time step:            0.096
 
     *Residu init conv:     1.96047E+00   7.04080E+06 
     *Residu init clos:     1.00000E+00
 
     *Newton iter:   1      Newton res norm:  0.1000000000E+01    Nb of Ksp iter:      6    Relaxation:   1.0000000
     *Newton iter:   2      Newton res norm:  0.1387724973E-01    Nb of Ksp iter:      5    Relaxation:   1.0000000
     *Newton iter:   3      Newton res norm:  0.7827355825E-07

     -Total nb of Newton iters:     192
     -Total nb of Ksp iters:        683
     -Total nb of Newton failures:  0
     -Total nb of Ksp failures:     0

     -Total Computation time:                        9.156
     -Computation time of this time step:            0.094
 
     *Residu init conv:     1.96046E+00   7.01986E+06 
     *Residu init clos:     1.00000E+00
 
     *Newton iter:   1      Newton res norm:  0.1000000000E+01    Nb of Ksp iter:      6    Relaxation:   1.0000000
     *Newton iter:   2      Newton res norm:  0.1340724656E-01    Nb of Ksp iter:      5    Relaxation:   1.0000000
     *Newton iter:   3      Newton res norm:  0.7072611889E-07

     -Total nb of Newton iters:     195
     -Total nb of Ksp iters:        694
     -Total nb of Newton failures:  0
     -Total nb of Ksp failures:     0

     -Total Computation time:                        9.259
     -Computation time of this time step:            0.104
 
     *Residu init conv:     1.96044E+00   6.99928E+06 
     *Residu init clos:     1.00000E+00
 
     *Newton iter:   1      Newton res norm:  0.1000000000E+01    Nb of Ksp iter:      6    Relaxation:   1.0000000
     *Newton iter:   2      Newton res norm:  0.1266893065E-01    Nb of Ksp iter:      5    Relaxation:   1.0000000
     *Newton iter:   3      Newton res norm:  0.6261953056E-07

     -Total nb of Newton iters:     198
     -Total nb of Ksp iters:        705
     -Total nb of Newton failures:  0
     -Total nb of Ksp failures:     0

     -Total Computation time:                        9.342
     -Computation time of this time step:            0.083
 
     *Residu init conv:     1.96043E+00   6.97901E+06 
     *Residu init clos:     1.00000E+00
 
     *Newton iter:   1      Newton res norm:  0.1000000000E+01    Nb of Ksp iter:      6    Relaxation:   1.0000000
     *Newton iter:   2      Newton res norm:  0.1198684698E-01    Nb of Ksp iter:      5    Relaxation:   1.0000000
     *Newton iter:   3      Newton res norm:  0.5832388175E-07

     -Total nb of Newton iters:     201
     -Total nb of Ksp iters:        716
     -Total nb of Newton failures:  0
     -Total nb of Ksp failures:     0

     -Total Computation time:                        9.465
     -Computation time of this time step:            0.123
 
     *Residu init conv:     1.96041E+00   6.95902E+06 
     *Residu init clos:     1.00000E+00
 
     *Newton iter:   1      Newton res norm:  0.1000000000E+01    Nb of Ksp iter:      6    Relaxation:   1.0000000
     *Newton iter:   2      Newton res norm:  0.1154230350E-01    Nb of Ksp iter:      5    Relaxation:   1.0000000
     *Newton iter:   3      Newton res norm:  0.5367040933E-07

     -Total nb of Newton iters:     204
     -Total nb of Ksp iters:        727
     -Total nb of Newton failures:  0
     -Total nb of Ksp failures:     0

     -Total Computation time:                        9.587
     -Computation time of this time step:            0.121
 
     *Residu init conv:     1.96040E+00   6.93930E+06 
     *Residu init clos:     1.00000E+00
 
     *Newton iter:   1      Newton res norm:  0.1000000000E+01    Nb of Ksp iter:      6    Relaxation:   1.0000000
     *Newton iter:   2      Newton res norm:  0.1090997616E-01    Nb of Ksp iter:      5    Relaxation:   1.0000000
     *Newton iter:   3      Newton res norm:  0.4761486577E-07

     -Total nb of Newton iters:     207
     -Total nb of Ksp iters:        738
     -Total nb of Newton failures:  0
     -Total nb of Ksp failures:     0

     -Total Computation time:                        9.705
     -Computation time of this time step:            0.118
 
     *Residu init conv:     1.96039E+00   6.91980E+06 
     *Residu init clos:     1.00000E+00
 
     *Newton iter:   1      Newton res norm:  0.1000000000E+01    Nb of Ksp iter:      6    Relaxation:   1.0000000
     *Newton iter:   2      Newton res norm:  0.1013724110E-01    Nb of Ksp iter:      5    Relaxation:   1.0000000
     *Newton iter:   3      Newton res norm:  0.4238253301E-07

     -Total nb of Newton iters:     210
     -Total nb of Ksp iters:        749
     -Total nb of Newton failures:  0
     -Total nb of Ksp failures:     0

     -Total Computation time:                        9.856
     -Computation time of this time step:            0.151
 
     *Residu init conv:     1.96037E+00   6.90053E+06 
     *Residu init clos:     1.00000E+00
 
     *Newton iter:   1      Newton res norm:  0.1000000000E+01    Nb of Ksp iter:      6    Relaxation:   1.0000000
     *Newton iter:   2      Newton res norm:  0.9582678177E-02    Nb of Ksp iter:      5    Relaxation:   1.0000000
     *Newton iter:   3      Newton res norm:  0.3994909782E-07

     -Total nb of Newton iters:     213
     -Total nb of Ksp iters:        760
     -Total nb of Newton failures:  0
     -Total nb of Ksp failures:     0

     -Total Computation time:                        9.952
     -Computation time of this time step:            0.096
 
     *Residu init conv:     1.96036E+00   6.88146E+06 
     *Residu init clos:     1.00000E+00
 
     *Newton iter:   1      Newton res norm:  0.1000000000E+01    Nb of Ksp iter:      6    Relaxation:   1.0000000
     *Newton iter:   2      Newton res norm:  0.9287421240E-02    Nb of Ksp iter:      5    Relaxation:   1.0000000
     *Newton iter:   3      Newton res norm:  0.3698585164E-07

     -Total nb of Newton iters:     216
     -Total nb of Ksp iters:        771
     -Total nb of Newton failures:  0
     -Total nb of Ksp failures:     0

     -Total Computation time:                       10.033
     -Computation time of this time step:            0.081
 
     *Residu init conv:     1.96034E+00   6.86257E+06 
     *Residu init clos:     1.00000E+00
 
     *Newton iter:   1      Newton res norm:  0.1000000000E+01    Nb of Ksp iter:      6    Relaxation:   1.0000000
     *Newton iter:   2      Newton res norm:  0.8855932486E-02    Nb of Ksp iter:      5    Relaxation:   1.0000000
     *Newton iter:   3      Newton res norm:  0.3455086665E-07

     -Total nb of Newton iters:     219
     -Total nb of Ksp iters:        782
     -Total nb of Newton failures:  0
     -Total nb of Ksp failures:     0

     -Total Computation time:                       10.111
     -Computation time of this time step:            0.078
 
     *Residu init conv:     1.96033E+00   6.84385E+06 
     *Residu init clos:     1.00000E+00
 
     *Newton iter:   1      Newton res norm:  0.1000000000E+01    Nb of Ksp iter:      6    Relaxation:   1.0000000
     *Newton iter:   2      Newton res norm:  0.8541473421E-02    Nb of Ksp iter:      5    Relaxation:   1.0000000
     *Newton iter:   3      Newton res norm:  0.3233814609E-07

     -Total nb of Newton iters:     222
     -Total nb of Ksp iters:        793
     -Total nb of Newton failures:  0
     -Total nb of Ksp failures:     0

     -Total Computation time:                       10.202
     -Computation time of this time step:            0.091
 
     *Residu init conv:     1.96031E+00   6.82530E+06 
     *Residu init clos:     1.00000E+00
 
     *Newton iter:   1      Newton res norm:  0.1000000000E+01    Nb of Ksp iter:      6    Relaxation:   1.0000000
     *Newton iter:   2      Newton res norm:  0.8260295792E-02    Nb of Ksp iter:      5    Relaxation:   1.0000000
     *Newton iter:   3      Newton res norm:  0.2934974681E-07

     -Total nb of Newton iters:     225
     -Total nb of Ksp iters:        804
     -Total nb of Newton failures:  0
     -Total nb of Ksp failures:     0

     -Total Computation time:                       10.314
     -Computation time of this time step:            0.112
 
     *Residu init conv:     1.96030E+00   6.80689E+06 
     *Residu init clos:     1.00000E+00
 
     *Newton iter:   1      Newton res norm:  0.1000000000E+01    Nb of Ksp iter:      6    Relaxation:   1.0000000
     *Newton iter:   2      Newton res norm:  0.7869785437E-02    Nb of Ksp iter:      5    Relaxation:   1.0000000
     *Newton iter:   3      Newton res norm:  0.2617245210E-07

     -Total nb of Newton iters:     228
     -Total nb of Ksp iters:        815
     -Total nb of Newton failures:  0
     -Total nb of Ksp failures:     0

     -Total Computation time:                       10.401
     -Computation time of this time step:            0.087
 
 
 Final Report
 
     *Final time:     10957.500000000000     
 
     *Mesh:
        -Nb of cells:  341
        -Nb of faces:  1406
        -Nb of nodes:  768
        -Nb of fracs:  0
 
     *Newton/Ksp Iterations:
        -Total nb of Newton iters:  228
        -Total nb of Ksp iters:  815
 
     *Newton/Ksp Failures:
        -Total nb of Newton failures:  0
        -Total nb of Ksp failures:  0
 
     *Total simulation time:     10.401287000000593     
